<?xml version="1.0" encoding="UTF-8"?>
<!-- Generated by org.testng.reporters.JUnitReportReporter -->
<testsuite hostname="LTIN-APLGYN0H625G9" failures="0" tests="2" name="ScenarioThree.HerokuApp" time="1.597" errors="0" timestamp="2024-05-18T19:06:46 IST" skipped="0">
  <testcase classname="ScenarioThree.HerokuApp" name="successfulLogin" time="0.886"/>
  <system-out>
    <![CDATA[Congratulations! You must have the proper credentials.]]>
  </system-out>
  <testcase classname="ScenarioThree.HerokuApp" name="successfulLogin" time="0.711"/>
  <system-out>
    <![CDATA[Congratulations! You must have the proper credentials.]]>
  </system-out>
</testsuite> <!-- ScenarioThree.HerokuApp -->
