<?xml version="1.0" encoding="UTF-8"?>
<!-- Generated by org.testng.reporters.JUnitReportReporter -->
<testsuite hostname="LTIN-APLGYN0H625G9" failures="0" tests="1" name="ScenarioTwo.EbayBuy" time="8.720" errors="0" timestamp="2024-05-18T19:07:52 IST" skipped="0">
  <testcase classname="ScenarioTwo.EbayBuy" name="testCases" time="8.720"/>
  <system-out>
    <![CDATA[add to cart button available]]>
  </system-out>
</testsuite> <!-- ScenarioTwo.EbayBuy -->
